[RUN #0 100 100]
-854 -211 568 -181 695 -802 488 -534 -737 598 -999 -344 -39 183 243 -444 -267 592 758 -524 -127 -593 954 707 588 -918 195 -423 -366 729 56 452 -431 -513 -457 -622 278 205 965 201 -166 375 -502 -217 -649 -889 -381 -185 483 422 -578 -620 482 297 994 -63 740 587 -583 100 325 333 198 -662 -614 721 -61 912 872 -157 -655 -346 -78 -550 628 453 -21 -156 -89 -472 -372 71 -325 -932 349 -875 -380 -453 551 -44 503 -522 548 -216 135 -406 -656 179 403 -638
[RUN #1 10 5]
974 -328 282 851 175 723 -574 81 690 -407
-563 175 -620 555 18 -578 -248 553 545 465
-57 549 82 544 -47 740 -78 -745 -224 -922
-169 -181 328 -170 687 805 21 24 910 -884
303 232 189 -702 933 -392 -276 313 496 729
[RUN #2 500 1]
-630 408 -280 314 -635 -735 -603 -451 -355 -390 422 -708 -788 498 178 -479 -650 -46 -272 228 -381 -258 334 841 -651 -250 371 -596 979 458 -973 981 438 331 206 -306 57 943 954 41 295 465 246 199 509 -251 631 -148 164 503 328 -939 -589 -299 248 -826 -631 -147 -983 4 -511 -905 982 -1 -604 71 588 -864 520 -142 -249 -72 -345 898 -906 858 -206 388 505 -441 -945 946 -377 -516 -427 -779 -301 415 -916 224 -994 947 757 258 945 -519 -612 -607 675 -341 825 -364 642 -525 -626 99 244 -71 431 -412 894 -372 63 -918 417 335 -106 428 350 -277 214 50 383 927 162 -121 585 34 449 599 68 103 47 -760 -37 -13 892 89 -759 524 -807 -254 513 -977 -678 -950 65 -537 -691 -840 380 798 -459 441 -84 944 -838 29 -707 481 -683 416 -317 786 830 -63 156 -297 -886 300 523 557 135 -787 148 -872 -100 -970 991 -462 530 -964 905 -673 794 544 -175 540 -666 -443 626 236 468 775 -982 -104 655 -634 -171 230 -66 714 352 601 767 -978 -102 -632 -165 -309 88 256 672 492 -527 -969 -281 270 0 -526 -963 -97 602 116 998 104 -900 476 -962 592 -530 14 595 910 -814 682 -83 -359 917 333 168 728 -125 301 -505 -754 404 193 575 -795 11 281 -598 963 920 -613 -661 -789 83 -768 -638 -679 668 -35 911 -698 828 184 -836 -669 985 -289 382 494 462 -946 882 937 -747 924 839 -587 808 181 931 663 -811 856 -454 46 -124 -569 -753 -911 -585 282 529 -234 637 -78 -219 -266 -161 546 -966 -153 -436 90 6 -790 -421 764 662 -711 -416 -209 317 986 74 571 -105 -553 296 213 792 694 294 -590 -629 -85 -318 456 -397 -327 632 -841 -564 -43 395 -706 -746 596 223 968 -110 692 366 261 641 726 666 -778 -136 738 -812 -741 -903 419 -269 111 292 250 22 797 750 880 20 912 577 788 -732 -620 855 -717 460 222 26 -141 -800 -425 364 461 9 -909 969 580 306 -940 -286 877 -30 95 681 -205 -257 -498 -210 -552 372 -597 -69 150 134 867 -233 679 -885 324 472 -979 895 989 482 384 -198 -222 -764 -368 -663 -677 -11 -548 745 -21 -187 126 -549 110 -64 -608 593 -466 396 262 562 102 -330 -689 -128 929 -573 -890 913 -546 -566 44 -700 545 -742 145 953 649 -305 690 -211 398 302 630 430 32 906 201 -791 393 -570 653 819 -470 555 -398 -696 -241 -921 139 773 707 656 490 240 -256 688 -592 -665 -769 -616 725 -850 -809 -948 542 -820 -395 673 311 -919 360 948 -901 -636 -593
[RUN #3 500 1]
617 591 724 916 -451 447 775 -178 -554 406 141 965 -917 -218 480 -642 926 -8 -202 361 -819 278 -351 221 -155 87 192 483 576 589 -600 -801 690 -720 605 -330 834 497 -412 837 232 666 -541 63 892 207 185 127 -31 -192 -154 380 -462 -695 306 284 303 -502 602 312 103 516 -685 680 293 83 -932 -267 -387 969 -933 -557 -575 505 -748 21 -167 -762 -94 -280 -434 953 -199 -164 -974 -179 405 -438 -732 -532 -449 914 -422 149 -23 924 515 -820 138 957 -129 -415 477 355 155 272 -538 158 -272 334 -698 414 203 -136 826 -315 -660 -203 -733 -835 907 307 115 82 -150 586 249 -281 -156 940 352 -311 -461 250 330 -912 -361 -256 -235 944 -370 -448 118 -926 -663 -790 -468 417 -298 -703 -343 -303 -342 -188 922 154 266 -397 681 622 464 -504 767 -428 -171 693 474 42 -383 762 719 187 954 -340 131 -314 -955 758 -821 941 -459 -906 580 -252 -910 685 415 -446 -880 -28 -200 796 838 -625 60 -402 -353 -962 -6 -817 -257 866 14 -566 -567 931 631 -169 299 787 -401 -471 -776 -425 921 936 943 -123 237 -384 0 -239 808 585 823 -649 47 -221 431 378 -943 -631 -870 -224 -667 -287 -431 62 436 269 -828 594 -785 -386 508 804 -783 -775 -740 -851 -561 706 -630 858 -710 -147 -378 -212 751 568 642 -58 -196 197 -335 96 -958 -95 371 911 -125 -713 -818 239 -614 -539 468 735 495 -920 979 367 964 -560 945 -882 935 -138 -764 -923 801 -349 688 -990 12 1 -769 -259 -850 -453 -439 164 995 -564 -675 481 -992 -657 -702 -469 626 -293 -606 722 171 -92 494 -612 -61 -664 -531 53 493 -204 630 -110 -530 588 604 547 -883 -936 -14 70 -492 -589 -729 -780 462 -746 156 302 884 -804 753 881 862 198 -507 273 177 383 657 186 -97 -176 -443 343 -636 691 467 66 -735 -409 855 223 9 -489 -970 213 532 -985 296 353 46 -416 635 -337 -318 561 -816 -718 565 -973 -216 -511 -101 -391 799 669 -982 960 -956 101 -714 -565 875 -334 240 -969 -214 365 183 460 336 -292 -48 -623 -848 499 -806 -854 -435 -878 -647 -807 -674 -240 114 341 816 -295 -498 389 -615 -194 261 263 738 -579 108 -864 -476 -51 100 -385 488 -522 836 811 806 8 362 -151 679 199 998 456 766 730 815 -76 951 121 -834 407 -11 123 -786 -512 275 305 -16 -37 522 -760 321 -134 659 741 211 -426 999 -812 649 -2 -805 -211 458 -753 247 889 -986 638 329 -325 -747 -602 -983 987 -693 619 -197 328 432 -81 -597 615 557 861
[RUN #4 50 10]
401 567 -835 -450 353 -800 -548 -323 583 -942 646 -347 76 20 832 143 803 260 -439 531 719 559 979 674 -816 965 -510 -824 -499 -711 -513 323 665 -205 -731 -660 317 874 108 267 23 699 995 132 376 309 -268 42 -215 315
[RUN #5 50 1]
411 369 -397 -343 -562 491 -295 -364 -91 -691 104 -867 271 489 365 108 334 -638 15 255 279 220 588 89 868 -17 201 322 521 714 -319 415 743 -184 879 -573 -896 -516 -465 350 722 292 -709 536 968 809 952 730 975 -535
[RUN #6 20 1]
-271 141 810 -376 -467 76 -405 501 -226 -583 68 458 -163 431 926 -828 -791 -66 -549 339
[RUN #7 35 1]
-204 133 441 230 -385 749 -69 -982 -1 -673 600 -642 977 523 -268 379 -553 793 821 387 460 -116 -172 -706 8 -708 482 -959 475 -767 447 88 -105 -413 -853
[RUN #8 50 10]
-449 65 -794 745 110 200 -992 -910 462 940 794 -381 979 923 -94 960 -917 918 -12 406 -513 -38 350 716 -256 100 583 48 -985 -489 -922 70 -898 175 322 -66 -599 -928 883 382 -122 862 54 -271 254 832 269 111 795 -82
[RUN #9 50 1]
600 -569 341 -105 99 874 -66 203 616 568 -842 -434 338 623 919 -544 -715 428 349 -814 742 845 -262 41 -880 -274 -175 638 381 -269 368 -699 348 -213 581 77 -420 542 -543 -510 287 -340 -886 411 -136 -278 -984 -990 701 -765
[RUN #10 50 1]
446 431 -596 989 936 -743 -770 971 315 324 86 5 -192 832 640 -923 -666 26 68 186 54 213 828 882 482 785 -846 -346 -368 346 -726 749 945 -571 -409 133 868 -888 -704 -777 -782 -449 -9 2 -273 -911 317 355 277 -298
[RUN #11 50 1]
790 -869 -957 -299 -191 -556 233 465 523 494 -221 -324 -432 184 -540 918 -940 672 54 -527 -227 -171 419 -65 829 -305 -200 334 -411 280 786 836 143 690 940 55 784 -110 -510 912 292 -474 469 -541 -766 -290 524 455 410 684
[RUN #12 50 1]
-657 227 -535 -131 -929 109 623 337 944 -220 -939 -789 -21 45 538 -252 -914 873 268 -375 -754 -83 848 -260 681 -457 -955 900 114 -49 821 -410 541 -240 423 -998 -827 -722 -270 -941 24 -924 -183 -856 -705 -382 335 670 228 918
[RUN #13 25 1]
-415 -166 -386 -477 267 980 -862 -434 -983 -666 599 -635 -443 221 -414 783 -85 -394 761 954 -765 763 101 -75 -553
[RUN #14 25 1]
-728 937 -134 -975 542 973 -640 -339 453 -480 291 -836 599 -767 317 -784 839 2 965 -531 672 -330 319 -324 375
[RUN #15 10 1]
615 -980 -255 968 -97 -773 718 -757 723 -10
[RUN #16 15 1]
-632 377 -619 105 257 14 729 454 -391 83 -1000 704 872 -900 -66
[RUN #17 18 1]
-810 138 265 -553 950 291 -115 192 -345 70 -657 -112 69 283 -9 -481 776 -704
[RUN #18 18 2]
-59 -28 -975 806 595 239 -529 525 -626 -873 470 -465 -230 103 -171 -989 -128 -580
246 -630 -376 -117 386 573 967 -313 913 206 -964 277 -558 -374 -797 -173 505 241
[RUN #19 20 2]
-687 616 354 -763 690 497 -275 584 385 -624 -512 -604 391 -875 -285 -978 -100 487 865 933
-213 -794 -406 146 -317 541 -632 -5 551 -778 -497 -438 277 -453 -875 -258 1 31 504 -106
[RUN #20 25 2]
722 -747 486 -759 953 -695 -397 -751 837 584 30 -988 -111 795 588 890 -644 922 -568 144 -375 -992 -182 861 363
467 -292 -239 -306 798 760 90 -877 -232 -537 181 38 -672 795 320 666 -661 285 -437 792 -619 492 -233 607 -670
[RUN #21 1 2]
-776
322
[RUN #22 2 2]
296 48
-824 -477
[RUN #23 3 2]
240 -405 707
-61 506 -241
[RUN #24 5 2]
132 601 505 -895 687
-782 95 880 -63 113
[RUN #25 5 2]
-946 -102 -318 812 -196
432 -348 422 465 856
[RUN #26 50 2]
521 -367 -286 288 419 627 85 403 618 192 58 -520 -691 -995 -304 317 -868 -498 921 984 -522 121 -122 -889 972 -384 222 -646 -258 248 -44 485 -360 -643 -552 524 -847 765 477 -915 13 168 752 522 237 640 407 553 -447 806
[RUN #27 50 1]
872 -726 990 -712 906 -176 280 -476 586 -703 716 -658 110 109 247 -399 221 879 13 -610 -838 -174 -809 -565 752 58 -751 868 508 395 170 974 -94 -780 -656 536 -10 463 816 715 251 -783 -181 -653 -390 -665 -542 -140 -420 -57
[RUN #28 100 1]
956 -327 297 380 261 -652 -665 234 163 -164 191 368 -808 853 451 346 -216 -380 -952 -130 -587 537 -433 376 -870 5 90 -594 828 -583 324 -425 948 -79 912 53 -152 946 282 -540 822 -850 -813 -647 116 -484 -490 -958 -466 -476 134 938 -441 547 -707 19 -932 -916 579 478 -409 171 610 418 -416 121 688 793 858 94 307 906 689 -331 739 -104 -893 501 775 102 659 765 587 -495 -393 -307 343 -316 -934 969 718 350 982 248 885 221 -346 -405 -592 -303
[RUN #29 100 1]
101 706 171 -415 762 -580 -283 23 -124 -331 -676 330 360 -441 -958 886 -964 -210 623 186 589 100 523 934 -644 -432 -197 166 323 -146 411 184 203 876 87 25 -70 -794 -538 -848 -465 673 -1000 -163 -394 496 668 -289 -451 -185 393 26 695 208 -755 680 -430 351 -405 -93 -433 939 -299 -429 -649 206 -249 -779 780 -880 40 -240 -837 5 841 442 -390 -939 -695 -64 -664 -307 775 233 -961 931 -844 134 204 -911 -892 -38 887 394 -332 230 937 -915 -245 -855
[RUN #30 10 1]
641 487 180 -286 -695 85 -807 474 543 -463
[RUN #31 20 1]
-672 878 773 -308 575 -181 56 -461 725 840 -397 -638 664 -21 897 -325 729 -928 -542 -487
[RUN #32 30 1]
-768 733 -23 -827 385 51 -109 955 920 -741 -320 145 839 -500 261 404 -879 435 -584 929 304 194 -318 342 587 622 562 -164 -352 586
[RUN #33 40 1]
-183 -369 -387 269 612 561 -243 453 336 888 639 539 217 -683 212 62 13 397 375 407 -946 -620 11 255 -760 987 590 843 223 -194 -3 -184 476 -166 -129 285 -219 -554 932 -721
[RUN #34 50 1]
584 105 971 -105 -521 -309 -884 460 -572 -761 150 -717 693 898 -580 -163 -735 -352 933 713 893 -640 -164 -42 -235 -985 744 257 944 530 -745 820 580 109 -615 -275 476 472 957 548 -430 318 -844 921 124 132 -571 -676 -899 958
[RUN #35 50 1]
472 925 511 -435 0 781 -830 12 438 506 -566 -607 677 -453 -710 -781 -741 -562 -600 487 315 974 -94 -588 549 646 54 -281 652 -885 -479 810 -369 142 -674 172 -527 -525 -994 629 873 -486 117 -431 -817 676 -851 874 67 683
[RUN #36 50 1]
-518 75 -1 711 -191 -692 21 622 -22 505 945 -273 -394 -746 -636 -814 848 -807 394 -413 -623 639 667 -853 597 971 472 861 -552 819 -383 226 -738 532 -720 621 -80 -295 252 725 -794 -651 -265 -371 -435 -317 807 852 546 -722
[RUN #37 50 1]
-242 -135 -936 728 282 -170 220 -890 -280 -356 496 -509 -673 1 460 73 -854 480 594 -382 -106 -393 -867 714 956 816 -909 75 195 -292 741 -555 -102 -542 964 639 575 -428 -419 -701 -385 -155 126 385 941 595 96 -455 597 437
[RUN #38 50 2]
287 -63 -5 -302 -180 -293 -823 194 -851 442 -575 -400 148 -983 -152 -506 900 884 768 443 959 653 322 -501 116 -500 -62 -927 850 -385 121 -497 -436 -158 -232 -264 912 -595 -649 -149 -787 -433 917 -252 -287 603 412 -60 -372 374
-389 169 266 -723 736 458 617 -581 864 616 -985 -67 896 -99 -418 -432 954 605 670 786 661 194 -857 -183 199 49 -195 -489 25 -700 427 183 -718 -646 -50 -963 568 -320 319 -994 -966 931 676 -798 -683 -988 484 -14 -32 -751
[RUN #39 50 3]
965 -163 -414 143 801 233 174 934 765 762 -799 -372 651 -500 40 438 -894 521 -831 -972 922 24 239 -238 483 449 557 -229 -419 -766 -569 -815 67 -257 512 228 584 -374 818 366 -555 -319 -876 -375 -549 243 -486 65 -356 -329
[RUN #40 50 3]
91 588 681 866 -250 732 -63 548 -705 -405 476 270 235 -961 309 -996 604 -440 -196 72 -418 -248 371 -141 -680 949 759 951 -215 654 -48 58 18 531 961 -910 921 653 39 184 978 324 -539 -393 -514 271 -487 325 -87 400
575 -862 11 997 917 -140 859 -900 -226 -886 -986 -6 -922 -183 774 -842 283 370 -782 105 -363 431 70 964 -813 -820 508 -397 9 963 60 -69 -61 328 206 -611 72 153 -51 615 -843 -151 517 -134 547 -698 47 -360 896 -118
298 -774 198 -585 -721 287 618 794 -455 -13 -570 -68 137 121 447 242 931 -621 717 642 -513 -51 -209 -413 -955 866 -580 -510 301 -220 -468 -270 441 782 -204 -211 -450 -437 292 868 926 390 -2 495 613 -362 543 -421 -979 974
[RUN #41 5 3]
53 -604 727 212 -935
-468 90 -610 571 702
-162 -635 213 394 373
[RUN #42 5 3]
813 567 659 696 282
523 -89 310 -603 -724
-231 -429 67 -811 969
[RUN #43 5 120]
-548 -68 -72 -1000 -207
-765 -634 -590 781 -246
-241 -353 352 -604 929
-766 572 -694 508 -627
-888 -822 -100 432 125
690 155 -959 -350 -418
887 -598 -562 -527 -184
-180 294 -413 466 554
262 858 -145 -389 935
92 863 -393 598 569
-879 -674 -865 -743 873
-387 -339 182 570 -360
-141 -453 -664 637 508
-862 480 -157 610 -890
-494 -682 -263 -915 -846
-329 94 391 -276 32
254 347 350 -715 552
-603 -337 -65 700 480
-703 -332 338 -345 780
6 192 520 -260 -454
402 458 -86 644 996
-979 -901 -727 382 735
-302 -826 390 933 -173
8 642 -489 -898 -107
-335 -894 437 706 -593
52 -385 970 402 990
-682 -319 860 -118 -676
-646 -568 -649 79 755
-777 40 -211 -768 -805
518 983 -373 -682 -847
-820 732 785 731 394
-159 -621 -596 941 140
716 -305 714 -890 78
-929 -178 -163 716 -785
-446 781 433 475 500
271 -457 -782 -480 747
33 705 -889 -355 98
378 -615 463 -256 -724
912 -75 111 997 709
-123 -65 -304 389 322
564 -447 -545 636 398
209 837 844 -714 418
854 898 -526 146 330
407 152 688 969 188
-478 -221 -473 -462 129
503 -562 675 -634 -258
-226 789 -718 -835 771
931 129 -436 -601 -68
955 -772 -722 441 -255
101 -356 789 202 143
485 -31 -873 878 738
933 -269 -855 -826 165
439 -618 -47 57 674
-839 416 857 289 -117
101 685 391 0 879
-328 -769 -505 482 416
235 617 884 885 450
467 -542 354 371 732
-456 432 -160 567 403
-932 -410 156 357 -529
-894 210 940 -145 -41
-638 735 348 -593 37
-548 987 -980 -431 76
361 582 704 -215 602
40 -997 -793 -416 592
482 51 -148 -768 331
-517 -293 843 179 137
267 816 894 -201 946
321 383 142 211 -474
-574 440 713 646 -36
-865 -869 542 -211 102
-981 -284 675 -725 167
139 -264 1 -135 455
-546 607 700 -439 -37
697 -162 830 385 -748
-340 299 -480 380 -715
-227 -723 451 -681 -598
230 -687 620 926 -998
932 758 243 948 -873
302 -54 441 -642 629
-533 36 -203 998 -218
604 657 -23 -866 -351
-498 806 -318 424 -876
-63 988 -589 -621 820
442 -464 -189 659 -191
278 545 85 -9 -303
-286 -119 -896 121 186
-398 945 284 -130 -282
341 760 -644 731 711
924 59 -494 860 -419
174 71 169 -176 -553
231 -590 -807 701 -521
740 49 863 218 340
227 286 -29 451 843
879 542 -867 372 564
-159 -430 -149 -939 -973
-886 38 183 -70 -338
900 -27 594 17 340
895 -129 -96 704 555
-250 383 -863 549 271
-907 -996 325 -446 -215
-923 269 -211 -637 123
-636 -98 134 283 -382
-739 -717 -351 151 -788
-95 -248 923 -661 -442
-180 -657 -655 -343 920
109 -124 783 -503 -894
-886 302 -45 -438 743
-1000 -391 -725 -871 -428
-222 -708 -774 825 750
-664 -413 74 871 -852
474 122 -618 707 645
147 -798 23 670 -256
820 -305 399 -383 491
-306 -202 -31 654 465
-911 -302 -588 -167 -921
21 921 -99 -500 476
-346 211 -655 -772 -650
-829 560 279 937 -802
253 -651 -392 475 -730
[RUN #44 5 1000]
-576 473 343 208 709
896 -904 99 -85 -540
533 -721 -157 -471 761
-593 478 992 -629 216
-635 853 187 -152 142
-164 297 -993 -352 310
-772 445 532 -670 934
-955 -415 -623 -124 156
-682 493 97 -195 146
817 -477 -347 -485 795
579 -338 495 674 -722
304 886 647 -515 -88
-976 880 908 -101 -963
-150 -84 631 -456 591
-175 456 -419 354 868
-568 426 -663 -924 372
-477 440 778 -619 -397
-6 -202 972 -288 -698
-830 -300 729 -358 -882
175 351 -4 -390 883
-602 348 -501 388 489
548 569 -763 830 -621
-2 571 -83 565 -772
-410 725 200 -772 753
-149 -989 32 -155 95
123 234 -416 968 131
981 -384 -242 560 -774
-679 946 -427 -738 339
-502 617 -257 861 602
716 139 443 -909 646
-356 304 -281 -847 -349
-86 960 426 -10 735
254 773 -337 -234 -485
-32 978 417 -809 992
-288 594 -491 423 -34
-473 718 -516 -816 -266
-23 185 -39 -289 296
-108 -648 508 -463 778
850 -779 -866 204 717
-242 -997 262 -699 764
19 153 -112 -809 -801
568 184 551 780 -66
-84 -804 -463 -971 658
488 -930 -924 400 548
480 395 -665 -364 603
-115 173 961 -394 -392
65 -32 -12 212 -814
753 752 962 347 970
23 726 -624 234 -526
-980 -369 -377 -133 637
-986 915 438 223 230
496 149 -681 630 322
-466 -787 -913 93 -594
41 -184 213 -269 -493
-93 -649 -579 -366 -527
-413 373 -839 -377 640
-505 -374 880 436 -867
-804 500 144 503 652
-297 832 -825 -323 102
75 -806 -846 855 143
474 973 919 448 999
905 -160 -817 269 793
374 -546 701 332 -218
261 506 -991 -615 507
872 -462 -65 650 -988
-248 853 -358 -657 60
656 215 877 -695 -720
997 582 -569 -63 -125
545 934 -146 38 671
-165 -718 480 -43 -107
204 124 540 -2 -824
903 -353 -851 313 -914
469 239 368 -527 -837
-67 87 325 926 213
379 -159 573 483 104
206 -210 886 574 534
-5 532 -464 630 -821
843 -539 710 914 -702
-9 368 -512 628 168
-476 354 -253 583 -647
-236 -554 376 -897 -986
988 -228 -510 437 794
-324 -794 -612 -626 762
552 419 325 -271 902
-578 409 88 -960 -283
507 -265 567 -910 879
835 109 495 862 -790
832 627 327 352 688
-973 170 -73 64 -902
-858 -877 506 -912 -941
140 -719 -252 -772 -551
-722 985 -4 -857 -340
-954 812 -884 567 -818
989 -252 -445 7 -20
-484 -892 -608 -162 49
-228 -92 95 649 -439
692 316 -977 462 167
-157 135 -186 -259 899
373 -243 -787 64 -478
-315 791 536 70 920
-927 -761 -407 169 657
-221 -1000 177 885 -970
-758 -958 519 -935 61
-145 29 976 279 527
-568 -534 -41 -513 -633
-245 171 -586 447 557
979 456 836 -573 -516
-192 121 -362 -162 -436
-698 -196 -41 233 417
-268 818 -743 -366 -845
835 29 603 669 -850
-218 77 647 -898 -71
-354 785 -975 206 -346
-861 -355 998 8 104
-637 -968 -508 307 961
37 640 90 627 -261
991 419 -580 73 -964
332 674 -218 -133 -745
-935 357 -675 878 -958
-862 432 -104 -227 487
-817 167 -873 656 284
-819 45 -749 228 18
-787 186 325 860 -373
-767 -78 813 -260 -332
-76 -11 -1000 -563 -821
822 121 481 -205 18
-711 -562 384 -17 711
250 759 501 81 -490
666 270 -127 -281 443
-272 274 -842 805 -360
-223 -188 221 442 -168
597 -363 473 253 193
-669 818 759 680 -722
-771 -100 2 -559 -522
876 -381 225 161 312
-682 998 161 780 -625
635 -40 -706 253 73
672 191 412 379 -339
369 -118 -279 174 -488
-920 -870 -457 457 -682
-660 971 538 -939 545
-617 -983 -838 -921 373
-793 -703 -167 194 338
-223 576 -644 -685 677
-808 -773 107 294 424
213 -372 -65 782 984
-491 663 815 -429 -333
-946 -402 279 210 684
-303 -363 -436 300 -222
-251 -345 -466 190 240
-505 -23 341 -817 951
873 -456 -822 -583 -463
960 677 920 -664 -173
-342 582 884 -331 3
238 145 969 711 757
-613 -357 -41 334 -600
230 88 -360 -868 83
53 -824 95 371 -406
-473 416 747 573 187
-20 426 129 -217 68
219 -983 -823 879 -904
-512 535 -721 25 -962
-172 491 833 885 865
949 -259 -978 745 207
671 -32 575 169 557
-888 -535 -285 880 -614
592 858 -580 -204 -298
395 314 572 942 505
783 -67 -326 -468 412
90 -803 -559 923 665
-828 80 850 202 680
-747 539 914 548 -416
192 244 -277 -256 -32
-156 448 884 847 733
440 72 -646 -14 -64
16 46 -403 662 -246
911 995 370 -944 -331
607 965 -578 877 -701
-409 -656 -5 -430 -885
-423 758 -587 288 -480
-251 -396 49 -432 774
671 245 749 928 396
-110 -899 -73 925 947
227 -971 -586 -764 -568
969 743 -365 -355 -360
395 225 -598 -787 -66
189 624 -21 -438 -346
23 -924 -563 -991 -798
624 345 569 642 -936
31 222 933 616 661
-497 415 -236 36 -184
-276 624 819 -793 -786
245 57 -961 688 -301
-809 330 -479 185 665
107 -247 -251 400 127
-434 701 617 300 511
-662 157 -654 2 -707
918 952 -991 -778 881
-894 -223 -182 -997 -838
979 -782 897 -647 435
358 360 -719 275 -680
453 446 331 -872 804
-254 -987 259 -186 257
-65 813 726 -738 421
-129 826 -884 41 -211
-977 -656 188 -833 -6
428 -496 -933 -482 -915
-724 551 -818 -625 160
758 -646 -441 582 341
251 21 -486 222 244
446 -897 746 -21 268
715 -800 -275 171 -952
-91 19 886 531 989
415 102 146 961 -398
-244 198 -981 -609 -6
-717 154 -458 197 -903
487 -967 742 -946 -906
-27 571 -329 277 9
758 -283 -420 -485 177
704 -230 516 -137 962
-227 891 -856 951 992
-737 544 286 -292 843
-646 -57 305 637 200
623 519 -81 -717 374
-497 -327 279 393 131
666 -506 882 601 423
-905 161 -862 -33 -563
80 -432 343 -966 52
1 847 523 496 134
-739 -886 -210 -298 -286
846 -540 -304 182 -746
208 -26 -385 -678 -98
-44 -397 526 115 276
-506 536 -650 802 960
-590 825 222 -644 308
-404 144 945 461 895
510 396 128 573 -985
-826 780 -978 -704 738
61 -770 218 -786 -207
217 -658 -446 -659 730
392 -558 -172 63 -483
847 168 772 437 -793
98 -833 372 206 -59
645 476 844 986 32
886 522 546 642 48
850 -851 357 -832 -128
-728 230 -607 -798 -294
-570 -265 -765 -165 308
-494 619 398 437 -221
71 458 275 462 -607
-651 348 873 -254 -388
-827 20 -805 -566 8
997 -663 -162 -887 -98
-630 495 237 929 570
517 -469 -699 -704 936
978 -609 888 -587 -919
342 558 796 114 594
739 -234 -555 346 -917
561 492 -902 352 -627
-868 -63 -918 -817 680
-845 236 -923 898 227
126 -999 -772 339 260
776 -522 560 -904 -310
455 881 49 -740 -47
987 399 -984 -152 -740
-377 -823 231 937 679
-507 -482 -152 676 -204
491 -774 -60 -183 983
906 -895 -432 268 654
-663 -439 -806 -576 923
-835 284 -551 -732 633
-303 397 936 984 -483
-790 -645 76 -808 -551
-916 -112 268 254 -771
-216 395 -36 -385 440
-845 -586 -428 -931 -545
-49 -193 56 -116 -349
-996 -255 806 690 60
-647 566 -511 -18 49
591 498 -771 -951 -51
376 282 716 -142 862
-507 -742 -198 -349 -777
-189 -144 -105 -480 -337
-56 704 357 -359 -795
-505 382 -393 665 -289
-103 828 -95 -261 484
466 318 -550 52 -362
-749 -176 850 -312 971
541 661 -504 -158 -175
-732 33 668 -908 679
-843 837 9 -798 -273
460 537 751 62 109
430 658 236 803 -518
-879 89 310 -370 -871
-437 328 -113 -612 954
-360 -259 393 -750 788
376 386 116 -381 493
-451 -119 -885 -18 981
356 415 367 -589 -825
-564 -818 -573 -848 -278
-848 -556 371 -22 202
-484 448 189 -388 808
877 -218 973 -130 -190
99 -903 203 -924 -426
625 444 634 -658 -720
-209 840 -861 -290 -71
580 468 -245 -772 323
723 652 206 829 -117
746 5 -356 291 459
661 -690 544 881 898
183 -310 -74 -292 261
201 -880 -794 -64 840
-823 752 -928 54 20
726 -78 -825 60 578
-596 488 -989 -480 -450
-446 -617 -585 994 -303
-862 -123 613 -986 -42
-106 -222 114 -154 342
100 447 546 -729 -769
736 -451 664 255 -571
854 -762 -873 761 -3
-8 -842 768 -731 102
-478 -619 -580 -157 266
843 -396 -71 710 -405
-714 -897 451 157 -398
-136 -755 833 -202 -784
-284 176 -362 -37 -635
-937 -194 -479 664 -573
-27 -621 -760 589 -689
-398 -175 -757 -743 -57
817 552 94 20 -713
-245 -945 243 -454 -260
838 -206 -866 -18 -165
-731 579 820 -30 879
-286 871 682 -555 269
201 -894 -714 227 832
801 357 -997 -421 -761
690 -488 869 -707 -842
152 -676 -118 642 -201
-468 459 977 562 308
-258 -270 416 465 -487
-553 -347 -979 -104 -67
-888 622 352 528 -481
-752 775 226 -883 -924
926 -854 755 647 904
842 136 324 718 -839
814 248 401 -691 -786
-409 86 643 -89 320
419 -911 -114 -16 -550
172 -11 -632 -659 -975
-730 -822 -211 -526 550
718 -836 -378 -454 83
-663 205 173 -947 525
-124 -960 -889 18 529
292 -205 586 -702 724
-39 -171 467 405 139
-229 883 604 254 -937
-146 -412 -319 840 862
97 887 -952 775 836
-891 103 -351 -988 -837
96 449 749 -996 -604
368 475 57 -369 995
-251 370 662 568 -869
699 588 24 514 41
-433 -772 659 -871 -932
-905 269 2 870 -504
-508 -938 371 672 -493
-215 305 -326 334 -257
-941 -57 -173 -169 -220
303 181 -392 465 -527
-767 411 536 897 -795
351 -452 58 -749 255
-573 654 -641 -18 920
-284 145 962 -482 950
-531 -443 943 -943 -93
639 -367 749 287 -379
-574 -629 419 -633 -732
426 253 -820 -595 -309
680 -151 417 175 519
944 -260 640 792 36
-497 738 198 -519 538
683 -326 -836 -993 714
-879 -899 -504 502 663
-257 731 -879 -423 203
-484 160 577 -309 -999
-689 788 -495 -314 39
-101 -493 -70 867 -898
550 -771 -431 475 332
952 465 441 -967 835
512 86 -829 -76 838
45 92 32 -280 904
982 719 -119 -714 828
-547 -213 -775 -868 741
-601 -908 -352 -405 -465
970 -160 747 -774 965
-849 115 386 693 229
774 -202 930 597 -72
38 -209 -192 929 -501
-918 308 547 254 -382
-820 -825 777 8 592
981 -398 -610 -686 664
-556 -604 504 660 -552
19 132 -661 -489 181
992 481 -201 462 -390
744 761 -119 -350 72
-165 998 -181 652 501
-247 -900 -836 524 -716
-347 -948 926 -265 773
-592 -97 -809 117 -88
-349 445 654 -714 -618
-755 -776 -52 -379 -440
40 762 -161 847 649
168 -447 -504 -520 -475
68 -932 614 -42 -127
-961 -848 -387 -485 -159
-193 565 -158 -971 -348
-832 502 -558 -232 472
-467 -977 -136 355 -178
350 672 927 -312 635
-57 -86 879 -135 537
458 391 476 -125 -486
677 457 -151 -71 999
-752 86 78 -539 -281
775 405 -506 710 880
-781 626 -914 -983 -211
57 698 515 -128 782
365 779 -723 -42 355
190 -975 857 172 303
63 -399 278 6 969
173 -519 -108 -34 725
-718 -183 171 -912 -666
636 988 506 778 334
-634 -363 522 938 -218
-979 -725 401 -874 -856
-664 978 -868 -649 -122
997 -989 -539 -722 -93
-208 869 822 -981 790
-886 -368 323 676 -384
-692 -11 -475 -862 61
967 116 228 -601 690
-838 859 -609 -29 -672
699 258 252 319 -773
-986 842 939 -289 545
-945 -994 -260 790 -498
-825 713 46 146 240
708 -99 375 -493 -373
154 804 476 977 258
695 123 724 -888 412
666 -926 787 -892 563
-556 -350 -608 438 181
-812 653 728 595 -441
187 -406 137 346 282
-379 -754 -986 506 -284
-775 -426 -634 -933 734
-610 450 -561 -846 682
-626 -901 -380 -539 564
593 -313 -938 -622 -975
262 265 153 -452 -72
-588 -309 997 585 -264
-443 20 578 -630 530
-846 73 -914 312 804
180 -788 15 -792 867
647 -86 -612 -605 -815
-596 827 260 985 744
-617 709 375 -70 -694
-34 419 312 -966 -745
-563 232 -599 147 -175
677 -550 -348 144 679
-626 -195 143 540 121
-383 430 -672 967 -3
-535 -577 316 873 -593
808 -652 15 -577 633
934 339 160 928 -533
-997 -339 -101 603 -212
-522 -946 -705 -970 -503
-118 -3 463 646 553
785 -179 980 -434 -674
-540 -966 504 191 744
-905 -151 445 -397 -738
338 738 346 782 -967
-701 -187 -342 -574 -437
-774 -493 746 -688 295
974 11 274 -708 -877
-225 350 925 972 -424
727 -454 378 -570 197
-854 -445 873 -359 151
892 -947 -417 91 542
-463 -216 945 958 680
-793 -523 75 -120 -674
-20 -858 -187 -458 285
148 -638 -159 -962 583
-807 946 885 -821 37
-455 511 262 664 -13
-631 -496 963 0 473
878 -905 -957 -560 720
-794 -816 210 -102 -804
916 608 480 -112 658
641 286 469 -742 348
-510 -305 108 273 -867
331 -24 -542 -397 27
-602 -75 -112 313 -886
464 231 -994 -549 -535
205 -966 -409 -417 -174
731 -701 -950 719 922
436 -55 886 571 444
-560 748 -423 228 -717
-206 506 -725 336 -294
-123 667 -867 125 598
740 158 -188 -732 929
570 37 -961 823 -416
444 -287 -849 -305 -297
-44 344 -228 75 -490
286 -312 -367 310 580
-517 809 671 -999 -47
942 -734 -655 436 -177
-289 935 -86 687 -226
43 -282 -22 306 204
194 -527 902 -4 -678
-425 -181 -697 893 324
-225 -22 -495 -601 694
-83 -303 296 643 117
-139 311 890 -171 -8
-803 -960 -532 -751 464
901 -113 625 656 468
696 -34 -83 -750 596
-666 202 -104 833 -691
78 960 -699 -334 190
829 920 741 -66 -186
-32 -330 -789 5 -118
-136 363 8 -366 551
149 975 321 -425 -264
395 942 -77 193 -752
444 833 476 -6 -632
704 -567 -627 -258 -120
253 -370 330 536 -123
113 143 140 -998 -953
646 476 -577 -243 -720
-287 29 -420 23 -980
348 495 647 273 587
442 117 769 644 503
594 -568 -207 -448 179
779 -124 -592 -466 428
-802 840 534 954 555
998 -681 192 -42 -109
191 484 -592 -164 435
84 -171 -978 -187 898
144 -353 715 -67 -709
-173 -214 109 -14 776
639 -934 -469 -435 -462
543 232 -108 -699 -641
-376 -213 -752 419 -405
393 264 674 433 65
-303 668 158 -990 -918
-552 58 -318 984 -446
458 -445 5 -293 324
-422 706 -710 624 451
709 -419 536 -13 268
640 145 -695 -425 -685
-831 -732 555 176 -810
313 -920 -359 41 -477
-848 -739 353 367 160
393 955 368 235 715
-284 742 -556 675 329
-262 19 601 295 -756
-361 176 532 -299 -138
669 -391 -540 126 -494
-722 -128 -387 -810 -349
-931 -483 -840 375 747
-699 -439 895 297 -688
239 366 551 775 -197
549 760 -125 -650 379
-322 991 -967 -482 719
-29 -297 157 -143 102
-67 -452 390 -925 588
715 803 -730 -784 -653
-837 388 -319 235 939
-242 656 -8 -999 757
993 -700 634 337 39
-672 -118 -212 -476 828
-1000 798 490 -396 438
-159 91 -610 -909 714
-940 991 -839 -384 -171
305 343 96 29 -712
-428 -580 -30 64 -225
-249 866 -198 7 -129
249 490 279 -387 -882
-710 107 -652 532 -195
-239 -234 816 -100 -356
-468 91 991 50 321
547 -417 -399 423 -728
360 -460 -690 41 142
704 -668 -930 169 -583
-82 -656 91 562 -272
-493 -87 -448 -599 241
987 -499 269 124 125
-867 -734 557 -519 654
-362 -489 -458 928 177
-833 -25 -702 -259 -746
863 477 788 -991 -493
-46 870 -397 -70 -691
519 504 551 871 730
225 -643 678 591 739
-569 67 884 744 -426
-575 79 -87 -498 775
-473 631 66 211 -962
-503 -243 -886 414 -337
-533 518 298 -18 -383
794 780 -93 -958 280
-87 -188 -542 139 439
-563 -473 -230 -1000 -192
-96 -145 -211 -453 10
-955 -863 188 984 455
796 -902 -330 -652 330
-665 -235 341 830 394
-616 -869 -827 739 592
108 -353 777 564 90
-497 990 -915 356 2
198 728 885 -282 537
171 -896 -235 -302 41
65 745 -959 -857 -449
309 957 538 264 370
-267 443 691 -859 835
181 201 403 -803 -998
127 -497 -383 575 -577
-48 -41 -499 631 769
-462 -904 368 -253 410
382 -121 -659 598 -715
-891 339 -345 137 -64
883 -404 980 -765 -473
102 -487 776 80 -551
240 -89 -881 -61 -108
837 605 -356 529 -512
-642 258 -33 -192 908
-303 553 -162 -713 416
608 240 279 -338 59
-584 789 -174 -301 697
-701 71 -458 -155 672
815 763 -269 -787 -535
935 -268 190 737 -75
543 559 -427 -680 24
444 -89 -18 660 -946
-782 -712 -408 -817 -315
323 -888 910 317 -410
-195 -424 984 642 76
-70 25 -186 155 -355
-316 106 76 826 443
-900 -896 -292 513 283
529 712 -912 -976 -145
-198 627 132 329 -968
-356 145 529 170 578
-398 -808 893 -9 978
-21 493 96 -820 -230
-670 -668 295 614 -425
984 -395 661 515 170
605 522 -892 957 -7
318 -254 -971 -614 47
-403 687 707 -602 444
645 -338 -464 477 -986
-133 -746 416 -902 -737
912 -120 938 -720 -490
353 801 766 -283 893
-312 126 475 963 -65
280 957 -428 262 344
-32 900 -519 185 401
-633 564 129 688 -225
-163 379 910 554 67
-816 370 -343 567 835
746 1 -85 -822 626
-295 -397 -463 -583 673
222 399 236 -253 372
841 339 -695 -44 223
-458 520 -395 -634 -318
25 -888 509 -201 -632
-795 920 855 -267 309
-47 -980 369 3 661
596 846 114 -759 926
161 -138 883 227 -437
-859 467 562 -467 -935
834 -729 -402 -965 754
-203 79 419 713 -837
-143 -969 -736 353 604
321 909 560 686 574
913 -348 -210 388 564
180 -30 699 -160 828
115 -161 -233 -75 290
-234 -134 -130 -909 513
-343 -958 -622 83 -245
954 -296 15 3 84
-846 667 -814 418 -548
-764 758 -720 693 -263
632 255 292 -422 -216
950 881 244 820 -844
-739 -348 992 -281 796
263 179 24 971 -203
-123 -708 550 -271 -676
483 997 648 -917 -225
-729 -728 925 748 895
-687 -328 40 966 66
902 242 -612 398 -231
673 14 -27 -102 76
633 922 803 667 707
-364 -169 -976 -905 -358
-679 166 897 -108 872
-74 531 94 168 -16
786 830 -385 289 647
88 744 -844 116 -528
425 853 124 959 516
740 -420 -953 837 -316
319 -562 -941 -731 -713
21 -121 -106 -374 140
-884 584 -832 -20 -223
-828 174 -3 -787 -603
963 236 -249 -804 536
-360 595 -822 -545 -728
955 -891 472 -458 412
228 233 365 -619 -971
818 435 647 -922 373
91 -720 -820 -482 579
170 339 -936 -979 -111
499 479 -549 -411 905
-387 -14 -81 -692 194
93 555 -565 582 128
-195 292 -24 -544 958
-913 -327 -434 -510 516
863 994 -22 251 436
924 -57 -327 -9 284
166 828 -953 254 357
-644 -341 818 -575 452
686 986 471 -636 -70
481 813 87 -18 -146
-547 -937 415 955 943
-533 -870 134 -356 714
-803 132 -683 220 -153
236 -906 834 274 -963
-968 490 -611 -158 53
440 -761 553 -315 -400
84 -592 203 -764 521
-53 -109 517 -679 -561
973 -466 455 680 949
-854 -736 -354 -167 -54
-199 -859 -610 -499 405
877 -526 871 532 -868
-489 628 927 -85 302
-779 -624 -673 -313 120
825 -47 -918 -389 463
73 -663 -795 882 -797
751 50 558 -948 -819
-264 457 955 309 -903
-368 686 394 901 -251
681 861 -502 -796 -684
160 -362 -390 -241 -775
-940 -624 635 317 29
30 -58 902 941 979
-832 923 -478 50 162
41 753 125 -158 -474
-641 -623 -509 -235 292
733 -414 933 561 -709
-697 -778 -733 -925 524
526 168 366 941 404
-516 232 917 6 -965
-755 812 832 -212 311
797 -469 -56 -307 836
-1 939 541 -566 -806
107 737 -203 106 -78
-215 -423 333 581 8
-777 -52 -401 487 120
319 -545 990 -590 674
-440 -478 -173 -133 436
488 800 -899 -293 610
58 23 -335 -769 532
207 139 -461 752 209
478 -664 58 -939 907
119 711 -627 -863 450
81 154 929 -747 -300
948 625 -640 -233 726
-174 -599 -859 -153 -63
482 377 -771 -651 -364
180 656 -497 902 -399
330 642 -128 683 -65
-108 193 859 657 746
-941 -307 -968 882 579
-827 -35 762 114 241
-513 746 -538 -229 -690
-949 504 -858 -78 302
-56 -822 -408 5 448
345 -998 953 757 664
176 -555 -588 175 659
579 -606 -829 -876 894
-925 713 -491 820 191
781 -944 -23 384 -219
-662 -94 -398 231 511
-651 737 153 -948 -222
-947 -20 -328 784 -715
790 148 -345 -215 138
-515 61 702 -315 593
-675 -910 -500 -986 422
422 795 67 431 -896
-217 837 -41 856 -603
121 393 -235 -346 694
-463 -283 -899 572 -626
645 502 586 -312 -971
-310 790 -240 990 -639
-879 604 -921 -188 -229
-115 16 913 369 149
213 -513 359 -953 -501
-24 -675 215 -712 191
-860 -112 -356 -447 -432
291 938 -109 808 620
291 -939 -97 455 -42
697 751 847 -627 626
74 760 -106 -2 -665
648 -502 -825 112 656
645 -990 -76 419 -559
-890 -971 365 -835 520
-578 -485 319 -976 517
785 45 -915 180 -560
763 701 131 -466 838
-611 202 -453 -764 42
439 819 -85 151 150
852 306 31 697 -122
341 -228 384 75 901
724 -748 740 429 -685
910 794 -853 -287 -968
375 341 425 -122 -152
74 646 570 -326 581
260 -227 -814 272 -703
-137 979 -98 -705 502
-119 435 379 662 24
-476 771 385 -856 485
-327 389 -650 -576 253
169 485 -999 -477 192
709 771 -782 181 878
397 581 446 -623 33
328 -817 293 -792 -669
-550 627 991 892 962
-624 707 755 -931 277
-238 -323 -799 -454 -734
-935 365 -831 194 822
-314 927 -382 -503 -519
260 700 -613 268 485
-1 -861 416 789 -167
-495 909 -860 828 -725
-739 559 -488 505 -49
-422 -317 960 -598 -975
973 -267 -392 -458 6
328 -541 -163 -169 -715
266 -829 -663 880 -596
-616 519 454 659 972
194 439 427 -961 812
109 -88 806 9 929
-929 72 -196 956 -335
-515 -660 -549 -896 -814
-435 134 -204 -750 -780
848 786 -903 -321 323
-270 388 -361 -477 242
-511 -794 2 745 795
752 -972 -172 -794 68
-427 622 969 -981 731
-182 -594 -873 965 -37
474 -578 831 -677 -27
-775 289 -78 633 673
299 -494 111 -517 -643
-886 -937 -430 759 260
794 -380 351 -37 973
-931 155 901 -433 547
473 -283 -808 32 71
605 858 572 481 -861
101 -10 -811 477 175
-42 -792 834 -877 -320
-132 -173 717 -234 768
-640 -664 523 -212 -252
-521 568 790 -651 922
530 -874 349 -421 -58
863 -34 -584 243 74
-644 -259 512 286 -545
924 260 383 239 -373
-728 999 322 -172 -304
532 990 750 729 531
302 -231 -132 -590 -569
434 351 -710 -547 162
341 -241 307 -204 238
379 448 497 721 -919
413 -893 150 -328 376
348 -595 621 -118 -254
545 -225 814 -366 426
372 -2 -370 306 -753
313 79 -411 -700 364
-431 -560 -537 88 -415
848 753 -903 -350 -795
789 807 833 88 134
-158 570 166 971 -585
-181 638 -508 -55 -204
768 -695 721 823 386
-44 895 -56 612 -269
457 -831 -920 -267 -359
-672 802 37 165 -58
-306 76 669 944 -226
-708 -13 -225 -293 -107
-419 738 745 767 -954
158 209 -790 490 -49
870 160 92 -799 -498
-280 -433 -322 -465 -314
-693 133 -280 531 135
-219 169 84 -946 -785
-559 -740 -419 125 -260
-153 -114 -955 -856 47
329 459 -525 -203 625
-704 -749 -906 298 -303
257 -278 -752 624 112
862 -847 -560 -845 -588
969 -21 -128 359 -970
471 -194 -229 630 447
-618 -440 675 196 -864
-186 44 -123 -644 -249
919 233 33 813 260
-249 -983 495 179 178
-850 397 187 237 -780
-274 981 309 310 -112
226 722 353 0 -724
-225 734 883 -335 -751
-452 -706 877 322 28
896 -28 405 -864 -297
569 255 -803 970 -846
645 -982 141 -382 -298
-944 272 469 -349 245
81 268 968 -180 819
169 811 -52 172 -611
503 -422 62 -141 506
125 -133 919 -348 -462
-49 -230 82 277 400
-557 -84 -702 -594 843
823 552 -753 847 -434
614 -768 -846 -247 -742
-37 97 -895 102 540
178 -279 -217 -995 887
615 23 800 408 -952
944 -141 -967 413 979
-679 261 347 503 -419
840 860 333 -230 -987
-741 -184 361 629 -589
-886 -985 175 265 829
-924 644 -894 174 -877
-816 761 669 -638 -546
764 -812 147 -149 -933
-866 -812 411 -255 104
590 -702 -881 -534 132
-606 822 -778 -982 396
-452 -829 -3 -370 821
-212 251 766 -172 -339
-304 -775 -598 -810 234
77 -410 602 -962 144
972 -490 -705 355 942
-788 450 21 438 766
593 829 -809 -835 -641
740 -224 -147 709 -229
-404 148 -125 -697 -136
547 19 -826 -856 399
-990 -683 -709 -597 359
-190 655 -380 -25 409
587 -616 -116 -563 -225
-747 -830 212 -202 759
44 -693 -940 936 661
236 -801 -816 -31 -922
591 -599 -593 -363 -235
150 404 500 -932 -472
159 841 -462 -536 -95
-769 -443 -252 551 147
470 -915 462 23 742
754 -530 -79 -367 425
435 -243 886 766 583
-631 -4 -75 -618 -362
-250 -468 -692 -721 945
36 899 -751 96 524
946 55 537 -955 713
147 43 -743 310 454
-532 687 -139 -104 -937
520 -435 -736 -974 284
787 667 -995 984 312
920 821 -347 975 -775
576 386 409 -761 864
-284 228 964 -787 -515
-163 739 -227 181 -571
-100 423 -441 307 814
-247 -554 246 485 108
-74 968 766 924 960
611 -956 -917 -929 390
105 -970 -619 -902 707
613 927 -511 -766 -234
219 -919 533 -482 827
-304 -7 -955 26 158
-65 -960 -582 -22 -713
-317 -27 -810 -39 -945
-88 67 -554 -458 464
-249 -217 -804 -899 373
-396 334 565 376 322
-813 381 -943 541 -926
-321 -777 918 922 -609
-964 460 -369 -775 198
940 962 -658 -734 -341
924 261 530 280 981
[RUN #45 20 10]
-986 300 275 -133 49 17 487 744 471 117 617 724 -78 -332 -996 198 -516 98 917 -603
-851 -756 -401 99 719 783 151 132 43 -199 822 751 -346 952 -906 -922 -176 -388 -53 624
-306 792 452 -823 544 -162 462 -399 -933 261 -491 -305 -251 810 878 -705 932 -858 292 -111
64 15 652 -699 613 210 512 -502 -963 -257 458 -947 691 112 -249 -929 -643 786 -325 473
-868 922 387 575 367 -298 733 4 -427 920 419 113 866 -513 -871 719 675 -284 474 -65
354 -356 145 800 -651 709 -457 302 753 763 172 46 523 315 69 426 514 -18 119 305
57 120 -315 -330 -267 -554 -623 958 -323 -487 -366 482 887 892 -191 -566 545 328 -870 -34
135 -706 -49 216 -272 721 372 936 567 -733 -677 -495 -104 576 -485 47 -238 -884 662 -919
963 566 -573 -953 381 -377 -210 -505 -464 592 -73 -537 518 383 -21 993 -430 311 244 956
608 853 -980 670 561 -466 -482 -632 861 -799 306 -350 -660 -384 854 78 856 218 53 231
